<?xml version="1.0" encoding="UTF-8"?>
<testsuite name="com.example.userapp.domainTest.UserRepositoryTest" tests="6" skipped="0" failures="0" errors="0" timestamp="2025-09-12T12:46:19.608Z" hostname="MacBook-Pro-Julia.local" time="0.23">
  <properties/>
  <testcase name="getUserById should handle different IDs correctly" classname="com.example.userapp.domainTest.UserRepositoryTest" time="0.218"/>
  <testcase name="getUsers should return Success with users list when successful" classname="com.example.userapp.domainTest.UserRepositoryTest" time="0.007"/>
  <testcase name="getUsers should return Failure when error occurs" classname="com.example.userapp.domainTest.UserRepositoryTest" time="0.002"/>
  <testcase name="getUserById should return Failure when user not found" classname="com.example.userapp.domainTest.UserRepositoryTest" time="0.001"/>
  <testcase name="getUserById should return Success with user when found" classname="com.example.userapp.domainTest.UserRepositoryTest" time="0.001"/>
  <testcase name="getUsers should return empty list when no users found" classname="com.example.userapp.domainTest.UserRepositoryTest" time="0.001"/>
  <system-out><![CDATA[]]></system-out>
  <system-err><![CDATA[]]></system-err>
</testsuite>
