<?xml version="1.0" encoding="UTF-8"?>
<testsuite name="com.example.userapp.UserMapperTest" tests="2" skipped="0" failures="0" errors="0" timestamp="2025-09-12T11:51:14.138Z" hostname="MacBook-Pro-Julia.local" time="0.02">
  <properties/>
  <testcase name="toDomainListShouldConvertListOfUserDtoToUserCorrectly" classname="com.example.userapp.UserMapperTest" time="0.019"/>
  <testcase name="toDomainShouldConvertUserDtotoUserCorrectly" classname="com.example.userapp.UserMapperTest" time="0.001"/>
  <system-out><![CDATA[]]></system-out>
  <system-err><![CDATA[]]></system-err>
</testsuite>
